2021-06-23 15:21:52 [main] INFO  org.systems.businessLayer.implementation - Login Page Opens successfully!
2021-06-23 15:21:53 [main] INFO  org.systems.businessLayer.implementation - Method: login_App_FullAccess Full Access Login failed in implementation class Cannot set the element to 'Aisha1008'. Did you interact with the correct element?
Build info: version: '3.141.59', revision: 'e82be7d358', time: '2018-11-14T08:17:03'
System info: host: 'KHILT-7757', ip: '192.168.8.114', os.name: 'Windows 10', os.arch: 'amd64', os.version: '10.0', java.version: '1.8.0_291'
Driver info: io.appium.java_client.AppiumDriver
Capabilities {appActivity: sa.com.stc.MyBusiness.MainA..., appPackage: sa.com.stc.MyBusiness, automationName: UIAutomator2, databaseEnabled: false, desired: {appActivity: sa.com.stc.MyBusiness.MainA..., appPackage: sa.com.stc.MyBusiness, automationName: UIAutomator2, newCommandTimeout: 1000, noReset: false, platformName: android}, deviceApiLevel: 29, deviceManufacturer: samsung, deviceModel: SM-A125F, deviceName: R58NC2CR3JF, deviceScreenDensity: 300, deviceScreenSize: 720x1600, deviceUDID: R58NC2CR3JF, javascriptEnabled: true, locationContextEnabled: false, networkConnectionEnabled: true, newCommandTimeout: 1000, noReset: false, pixelRatio: 1.875, platform: LINUX, platformName: android, platformVersion: 10, statBarHeight: 45, takesScreenshot: true, viewportRect: {height: 1420, left: 0, top: 45, width: 720}, warnings: {}, webStorageEnabled: false}
Session ID: 68e8deb6-31b8-4c58-aaa4-4091b9ed3b50
2021-06-23 15:23:04 [main] INFO  org.systems.businessLayer.implementation - Method: navigate_SupportPage Support page navaigation issue in implementation class An element could not be located on the page using the given search parameters.
For documentation on this error, please visit: https://www.seleniumhq.org/exceptions/no_such_element.html
Build info: version: '3.141.59', revision: 'e82be7d358', time: '2018-11-14T08:17:03'
System info: host: 'KHILT-7757', ip: '192.168.8.114', os.name: 'Windows 10', os.arch: 'amd64', os.version: '10.0', java.version: '1.8.0_291'
Driver info: io.appium.java_client.AppiumDriver
Capabilities {appActivity: sa.com.stc.MyBusiness.MainA..., appPackage: sa.com.stc.MyBusiness, automationName: UIAutomator2, databaseEnabled: false, desired: {appActivity: sa.com.stc.MyBusiness.MainA..., appPackage: sa.com.stc.MyBusiness, automationName: UIAutomator2, newCommandTimeout: 1000, noReset: false, platformName: android}, deviceApiLevel: 29, deviceManufacturer: samsung, deviceModel: SM-A125F, deviceName: R58NC2CR3JF, deviceScreenDensity: 300, deviceScreenSize: 720x1600, deviceUDID: R58NC2CR3JF, javascriptEnabled: true, locationContextEnabled: false, networkConnectionEnabled: true, newCommandTimeout: 1000, noReset: false, pixelRatio: 1.875, platform: LINUX, platformName: android, platformVersion: 10, statBarHeight: 45, takesScreenshot: true, viewportRect: {height: 1420, left: 0, top: 45, width: 720}, warnings: {}, webStorageEnabled: false}
Session ID: 68e8deb6-31b8-4c58-aaa4-4091b9ed3b50
*** Element info: {Using=-android uiautomator, value=text("Support")}
2021-06-23 15:24:22 [main] INFO  org.systems.businessLayer.implementation - Login Page Opens successfully!
2021-06-23 15:24:31 [main] INFO  org.systems.businessLayer.implementation - Username field click successfully
2021-06-23 15:24:58 [main] INFO  org.systems.businessLayer.implementation - Method: login_App_FullAccess Full Access Login failed in implementation class Cannot set the element to 'Aisha1008'. Did you interact with the correct element?
Build info: version: '3.141.59', revision: 'e82be7d358', time: '2018-11-14T08:17:03'
System info: host: 'KHILT-7757', ip: '192.168.8.114', os.name: 'Windows 10', os.arch: 'amd64', os.version: '10.0', java.version: '1.8.0_291'
Driver info: io.appium.java_client.AppiumDriver
Capabilities {appActivity: sa.com.stc.MyBusiness.MainA..., appPackage: sa.com.stc.MyBusiness, automationName: UIAutomator2, databaseEnabled: false, desired: {appActivity: sa.com.stc.MyBusiness.MainA..., appPackage: sa.com.stc.MyBusiness, automationName: UIAutomator2, newCommandTimeout: 1000, noReset: false, platformName: android}, deviceApiLevel: 29, deviceManufacturer: samsung, deviceModel: SM-A125F, deviceName: R58NC2CR3JF, deviceScreenDensity: 300, deviceScreenSize: 720x1600, deviceUDID: R58NC2CR3JF, javascriptEnabled: true, locationContextEnabled: false, networkConnectionEnabled: true, newCommandTimeout: 1000, noReset: false, pixelRatio: 1.875, platform: LINUX, platformName: android, platformVersion: 10, statBarHeight: 45, takesScreenshot: true, viewportRect: {height: 1420, left: 0, top: 45, width: 720}, warnings: {}, webStorageEnabled: false}
Session ID: 4364d581-77c0-4044-9a61-40584050b78e
2021-06-23 15:25:36 [main] INFO  org.systems.businessLayer.implementation - Login Page Opens successfully!
2021-06-23 15:25:38 [main] INFO  org.systems.businessLayer.implementation - Username field click successfully
2021-06-23 15:32:47 [main] INFO  org.systems.businessLayer.implementation - Login Page Opens successfully!
2021-06-23 15:32:55 [main] INFO  org.systems.businessLayer.implementation - Username field click successfully
2021-06-23 15:34:20 [main] INFO  org.systems.businessLayer.implementation - Method: login_App_FullAccess Full Access Login failed in implementation class Cannot set the element to 'Aisha1008'. Did you interact with the correct element?
Build info: version: '3.141.59', revision: 'e82be7d358', time: '2018-11-14T08:17:03'
System info: host: 'KHILT-7757', ip: '192.168.8.114', os.name: 'Windows 10', os.arch: 'amd64', os.version: '10.0', java.version: '1.8.0_291'
Driver info: io.appium.java_client.AppiumDriver
Capabilities {appActivity: sa.com.stc.MyBusiness.MainA..., appPackage: sa.com.stc.MyBusiness, automationName: UIAutomator2, databaseEnabled: false, desired: {appActivity: sa.com.stc.MyBusiness.MainA..., appPackage: sa.com.stc.MyBusiness, automationName: UIAutomator2, newCommandTimeout: 1000, noReset: false, platformName: android}, deviceApiLevel: 29, deviceManufacturer: samsung, deviceModel: SM-A125F, deviceName: R58NC2CR3JF, deviceScreenDensity: 300, deviceScreenSize: 720x1600, deviceUDID: R58NC2CR3JF, javascriptEnabled: true, locationContextEnabled: false, networkConnectionEnabled: true, newCommandTimeout: 1000, noReset: false, pixelRatio: 1.875, platform: LINUX, platformName: android, platformVersion: 10, statBarHeight: 45, takesScreenshot: true, viewportRect: {height: 1420, left: 0, top: 45, width: 720}, warnings: {}, webStorageEnabled: false}
Session ID: 6fd59527-e8c5-4867-ad55-1591d9ca02b3
2021-06-23 15:34:51 [main] INFO  org.systems.businessLayer.implementation - Login Page Opens successfully!
2021-06-23 15:35:08 [main] INFO  org.systems.businessLayer.implementation - Method: login_App_FullAccess Full Access Login failed in implementation class Cannot set the element to 'Aisha1008'. Did you interact with the correct element?
Build info: version: '3.141.59', revision: 'e82be7d358', time: '2018-11-14T08:17:03'
System info: host: 'KHILT-7757', ip: '192.168.8.114', os.name: 'Windows 10', os.arch: 'amd64', os.version: '10.0', java.version: '1.8.0_291'
Driver info: io.appium.java_client.AppiumDriver
Capabilities {appActivity: sa.com.stc.MyBusiness.MainA..., appPackage: sa.com.stc.MyBusiness, automationName: UIAutomator2, databaseEnabled: false, desired: {appActivity: sa.com.stc.MyBusiness.MainA..., appPackage: sa.com.stc.MyBusiness, automationName: UIAutomator2, newCommandTimeout: 1000, noReset: false, platformName: android}, deviceApiLevel: 29, deviceManufacturer: samsung, deviceModel: SM-A125F, deviceName: R58NC2CR3JF, deviceScreenDensity: 300, deviceScreenSize: 720x1600, deviceUDID: R58NC2CR3JF, javascriptEnabled: true, locationContextEnabled: false, networkConnectionEnabled: true, newCommandTimeout: 1000, noReset: false, pixelRatio: 1.875, platform: LINUX, platformName: android, platformVersion: 10, statBarHeight: 45, takesScreenshot: true, viewportRect: {height: 1420, left: 0, top: 45, width: 720}, warnings: {}, webStorageEnabled: false}
Session ID: 2658ec80-97e0-4a28-8e18-f14e9058a347
2021-06-23 15:35:09 [main] INFO  org.systems.businessLayer.implementation - Method: login_App_FullAccess Full Access Login failed in implementation class Cannot set the element to 'Aisha1008'. Did you interact with the correct element?
Build info: version: '3.141.59', revision: 'e82be7d358', time: '2018-11-14T08:17:03'
System info: host: 'KHILT-7757', ip: '192.168.8.114', os.name: 'Windows 10', os.arch: 'amd64', os.version: '10.0', java.version: '1.8.0_291'
Driver info: io.appium.java_client.AppiumDriver
Capabilities {appActivity: sa.com.stc.MyBusiness.MainA..., appPackage: sa.com.stc.MyBusiness, automationName: UIAutomator2, databaseEnabled: false, desired: {appActivity: sa.com.stc.MyBusiness.MainA..., appPackage: sa.com.stc.MyBusiness, automationName: UIAutomator2, newCommandTimeout: 1000, noReset: false, platformName: android}, deviceApiLevel: 29, deviceManufacturer: samsung, deviceModel: SM-A125F, deviceName: R58NC2CR3JF, deviceScreenDensity: 300, deviceScreenSize: 720x1600, deviceUDID: R58NC2CR3JF, javascriptEnabled: true, locationContextEnabled: false, networkConnectionEnabled: true, newCommandTimeout: 1000, noReset: false, pixelRatio: 1.875, platform: LINUX, platformName: android, platformVersion: 10, statBarHeight: 45, takesScreenshot: true, viewportRect: {height: 1420, left: 0, top: 45, width: 720}, warnings: {}, webStorageEnabled: false}
Session ID: 8dafc05f-47a4-4744-8516-50301424ff19
2021-06-23 16:21:55 [main] INFO  org.systems.businessLayer.implementation - Method: login_App_FullAccess Full Access Login failed in implementation class Cannot set the element to 'Aisha112'. Did you interact with the correct element?
Build info: version: '3.141.59', revision: 'e82be7d358', time: '2018-11-14T08:17:03'
System info: host: 'KHILT-7757', ip: '192.168.8.114', os.name: 'Windows 10', os.arch: 'amd64', os.version: '10.0', java.version: '1.8.0_291'
Driver info: io.appium.java_client.AppiumDriver
Capabilities {appActivity: sa.com.stc.MyBusiness.MainA..., appPackage: sa.com.stc.MyBusiness, automationName: UIAutomator2, databaseEnabled: false, desired: {appActivity: sa.com.stc.MyBusiness.MainA..., appPackage: sa.com.stc.MyBusiness, automationName: UIAutomator2, newCommandTimeout: 1000, noReset: false, platformName: android}, deviceApiLevel: 29, deviceManufacturer: samsung, deviceModel: SM-A125F, deviceName: R58NC2CR3JF, deviceScreenDensity: 300, deviceScreenSize: 720x1600, deviceUDID: R58NC2CR3JF, javascriptEnabled: true, locationContextEnabled: false, networkConnectionEnabled: true, newCommandTimeout: 1000, noReset: false, pixelRatio: 1.875, platform: LINUX, platformName: android, platformVersion: 10, statBarHeight: 45, takesScreenshot: true, viewportRect: {height: 1420, left: 0, top: 45, width: 720}, warnings: {}, webStorageEnabled: false}
Session ID: 05d8b86c-4911-4887-8fe5-24c3c841332a
2021-06-23 16:25:30 [main] INFO  org.systems.businessLayer.implementation - Login Page Opens successfully!
2021-06-23 16:25:35 [main] INFO  org.systems.businessLayer.implementation - Enter Username in field
2021-06-23 16:25:42 [main] INFO  org.systems.businessLayer.implementation - Enter Password in field
2021-06-23 16:29:08 [main] INFO  org.systems.businessLayer.implementation - clicked on login button
2021-06-23 16:30:54 [main] INFO  org.systems.businessLayer.implementation - Method: navigate_SupportPage Support page navaigation issue in implementation class An element could not be located on the page using the given search parameters.
For documentation on this error, please visit: https://www.seleniumhq.org/exceptions/no_such_element.html
Build info: version: '3.141.59', revision: 'e82be7d358', time: '2018-11-14T08:17:03'
System info: host: 'KHILT-7757', ip: '192.168.8.114', os.name: 'Windows 10', os.arch: 'amd64', os.version: '10.0', java.version: '1.8.0_291'
Driver info: io.appium.java_client.AppiumDriver
Capabilities {appActivity: sa.com.stc.MyBusiness.MainA..., appPackage: sa.com.stc.MyBusiness, automationName: UIAutomator2, databaseEnabled: false, desired: {appActivity: sa.com.stc.MyBusiness.MainA..., appPackage: sa.com.stc.MyBusiness, automationName: UIAutomator2, newCommandTimeout: 1000, noReset: false, platformName: android}, deviceApiLevel: 29, deviceManufacturer: samsung, deviceModel: SM-A125F, deviceName: R58NC2CR3JF, deviceScreenDensity: 300, deviceScreenSize: 720x1600, deviceUDID: R58NC2CR3JF, javascriptEnabled: true, locationContextEnabled: false, networkConnectionEnabled: true, newCommandTimeout: 1000, noReset: false, pixelRatio: 1.875, platform: LINUX, platformName: android, platformVersion: 10, statBarHeight: 45, takesScreenshot: true, viewportRect: {height: 1420, left: 0, top: 45, width: 720}, warnings: {}, webStorageEnabled: false}
Session ID: 593f47cc-ed7d-4dc4-96f7-ad14f7e0bd3d
*** Element info: {Using=-android uiautomator, value=text("Support")}
2021-06-23 17:13:58 [main] INFO  org.systems.businessLayer.implementation - Login Page Opens successfully!
2021-06-23 17:13:59 [main] INFO  org.systems.businessLayer.implementation - Enter Username in field
2021-06-23 17:14:00 [main] INFO  org.systems.businessLayer.implementation - Enter Password in field
2021-06-23 17:14:05 [main] INFO  org.systems.businessLayer.implementation - clicked on login button
2021-06-23 17:14:09 [main] INFO  org.systems.businessLayer.implementation - clicked on login button
2021-06-23 17:15:57 [main] INFO  org.systems.businessLayer.implementation - Login Page Opens successfully!
2021-06-23 17:15:58 [main] INFO  org.systems.businessLayer.implementation - Enter Username in field
2021-06-23 17:15:58 [main] INFO  org.systems.businessLayer.implementation - Enter Password in field
2021-06-23 17:16:03 [main] INFO  org.systems.businessLayer.implementation - clicked on login button
2021-06-23 17:16:23 [main] INFO  org.systems.businessLayer.implementation - clicked on login button
2021-06-23 17:30:59 [main] INFO  org.systems.businessLayer.implementation - Method: login_App_FullAccess Full Access Login failed in implementation class ACTION_SET_PROGRESS has failed on the element 'android.view.accessibility.AccessibilityNodeInfo@ece7; boundsInParent: Rect(0, 0 - 326, 22); boundsInScreen: Rect(54, 416 - 665, 457); packageName: sa.com.stc.MyBusiness; className: android.widget.EditText; text: Enter OTP; error: null; maxTextLength: -1; contentDescription: null; tooltipText: null; viewIdResName: null; checkable: false; checked: false; focusable: true; focused: false; selected: false; clickable: true; longClickable: false; contextClickable: false; enabled: true; password: false; scrollable: false; importantForAccessibility: false; visible: true; actions: [AccessibilityAction: ACTION_NEXT_HTML_ELEMENT - null, AccessibilityAction: ACTION_PREVIOUS_HTML_ELEMENT - null, AccessibilityAction: ACTION_SHOW_ON_SCREEN - null, AccessibilityAction: ACTION_CONTEXT_CLICK - null, AccessibilityAction: ACTION_NEXT_AT_MOVEMENT_GRANULARITY - null, AccessibilityAction: ACTION_PREVIOUS_AT_MOVEMENT_GRANULARITY - null, AccessibilityAction: ACTION_SET_TEXT - null, AccessibilityAction: ACTION_PASTE - null, AccessibilityAction: ACTION_UNKNOWN - null, AccessibilityAction: ACTION_FOCUS - null, AccessibilityAction: ACTION_ACCESSIBILITY_FOCUS - null, AccessibilityAction: ACTION_CLICK - null, AccessibilityAction: ACTION_SET_PROGRESS - null]'. Did you interact with the correct element?
Build info: version: '3.141.59', revision: 'e82be7d358', time: '2018-11-14T08:17:03'
System info: host: 'KHILT-7757', ip: '192.168.8.114', os.name: 'Windows 10', os.arch: 'amd64', os.version: '10.0', java.version: '1.8.0_291'
Driver info: io.appium.java_client.AppiumDriver
Capabilities {appActivity: sa.com.stc.MyBusiness.MainA..., appPackage: sa.com.stc.MyBusiness, automationName: UIAutomator2, databaseEnabled: false, desired: {appActivity: sa.com.stc.MyBusiness.MainA..., appPackage: sa.com.stc.MyBusiness, automationName: UIAutomator2, newCommandTimeout: 1000, noReset: false, platformName: android}, deviceApiLevel: 29, deviceManufacturer: samsung, deviceModel: SM-A125F, deviceName: R58NC2CR3JF, deviceScreenDensity: 300, deviceScreenSize: 720x1600, deviceUDID: R58NC2CR3JF, javascriptEnabled: true, locationContextEnabled: false, networkConnectionEnabled: true, newCommandTimeout: 1000, noReset: false, pixelRatio: 1.875, platform: LINUX, platformName: android, platformVersion: 10, statBarHeight: 45, takesScreenshot: true, viewportRect: {height: 1420, left: 0, top: 45, width: 720}, warnings: {}, webStorageEnabled: false}
Session ID: 51b61124-81a1-4cb1-9b69-42ee84910bca
2021-06-23 17:30:59 [main] INFO  org.systems.businessLayer.implementation - Method: login_App_FullAccess Full Access Login failed in implementation class An unknown server-side error occurred while processing the command. Original error: 'POST /element' cannot be proxied to UiAutomator2 server because the instrumentation process is not running (probably crashed). Check the server log and/or the logcat output for more details
Build info: version: '3.141.59', revision: 'e82be7d358', time: '2018-11-14T08:17:03'
System info: host: 'KHILT-7757', ip: '192.168.8.114', os.name: 'Windows 10', os.arch: 'amd64', os.version: '10.0', java.version: '1.8.0_291'
Driver info: io.appium.java_client.AppiumDriver
Capabilities {appActivity: sa.com.stc.MyBusiness.MainA..., appPackage: sa.com.stc.MyBusiness, automationName: UIAutomator2, databaseEnabled: false, desired: {appActivity: sa.com.stc.MyBusiness.MainA..., appPackage: sa.com.stc.MyBusiness, automationName: UIAutomator2, newCommandTimeout: 1000, noReset: false, platformName: android}, deviceApiLevel: 29, deviceManufacturer: samsung, deviceModel: SM-A125F, deviceName: R58NC2CR3JF, deviceScreenDensity: 300, deviceScreenSize: 720x1600, deviceUDID: R58NC2CR3JF, javascriptEnabled: true, locationContextEnabled: false, networkConnectionEnabled: true, newCommandTimeout: 1000, noReset: false, pixelRatio: 1.875, platform: LINUX, platformName: android, platformVersion: 10, statBarHeight: 45, takesScreenshot: true, viewportRect: {height: 1420, left: 0, top: 45, width: 720}, warnings: {}, webStorageEnabled: false}
Session ID: 8f387576-5e69-4f32-8bac-27c1a2fc8384
*** Element info: {Using=xpath, value=//*[@text='Enter OTP']//*[@class='android.widget.EditText']}
2021-06-23 17:31:57 [main] INFO  org.systems.businessLayer.implementation - Login Page Opens successfully!
2021-06-23 17:31:58 [main] INFO  org.systems.businessLayer.implementation - Enter Username in field
2021-06-23 17:31:58 [main] INFO  org.systems.businessLayer.implementation - Enter Password in field
2021-06-23 17:31:59 [main] INFO  org.systems.businessLayer.implementation - clicked on login button
2021-06-23 17:32:09 [main] INFO  org.systems.businessLayer.implementation - clicked on login button
2021-06-23 17:32:37 [main] INFO  org.systems.businessLayer.implementation - Method: login_App_FullAccess Full Access Login failed in implementation class ACTION_SET_PROGRESS has failed on the element 'android.view.accessibility.AccessibilityNodeInfo@ebfe; boundsInParent: Rect(0, 0 - 326, 22); boundsInScreen: Rect(54, 416 - 665, 457); packageName: sa.com.stc.MyBusiness; className: android.widget.EditText; text: Enter OTP; error: null; maxTextLength: -1; contentDescription: null; tooltipText: null; viewIdResName: null; checkable: false; checked: false; focusable: true; focused: false; selected: false; clickable: true; longClickable: false; contextClickable: false; enabled: true; password: false; scrollable: false; importantForAccessibility: false; visible: true; actions: [AccessibilityAction: ACTION_NEXT_HTML_ELEMENT - null, AccessibilityAction: ACTION_PREVIOUS_HTML_ELEMENT - null, AccessibilityAction: ACTION_SHOW_ON_SCREEN - null, AccessibilityAction: ACTION_CONTEXT_CLICK - null, AccessibilityAction: ACTION_NEXT_AT_MOVEMENT_GRANULARITY - null, AccessibilityAction: ACTION_PREVIOUS_AT_MOVEMENT_GRANULARITY - null, AccessibilityAction: ACTION_SET_TEXT - null, AccessibilityAction: ACTION_PASTE - null, AccessibilityAction: ACTION_UNKNOWN - null, AccessibilityAction: ACTION_FOCUS - null, AccessibilityAction: ACTION_ACCESSIBILITY_FOCUS - null, AccessibilityAction: ACTION_CLICK - null, AccessibilityAction: ACTION_SET_PROGRESS - null]'. Did you interact with the correct element?
Build info: version: '3.141.59', revision: 'e82be7d358', time: '2018-11-14T08:17:03'
System info: host: 'KHILT-7757', ip: '192.168.8.114', os.name: 'Windows 10', os.arch: 'amd64', os.version: '10.0', java.version: '1.8.0_291'
Driver info: io.appium.java_client.AppiumDriver
Capabilities {appActivity: sa.com.stc.MyBusiness.MainA..., appPackage: sa.com.stc.MyBusiness, automationName: UIAutomator2, databaseEnabled: false, desired: {appActivity: sa.com.stc.MyBusiness.MainA..., appPackage: sa.com.stc.MyBusiness, automationName: UIAutomator2, newCommandTimeout: 1000, noReset: false, platformName: android}, deviceApiLevel: 29, deviceManufacturer: samsung, deviceModel: SM-A125F, deviceName: R58NC2CR3JF, deviceScreenDensity: 300, deviceScreenSize: 720x1600, deviceUDID: R58NC2CR3JF, javascriptEnabled: true, locationContextEnabled: false, networkConnectionEnabled: true, newCommandTimeout: 1000, noReset: false, pixelRatio: 1.875, platform: LINUX, platformName: android, platformVersion: 10, statBarHeight: 45, takesScreenshot: true, viewportRect: {height: 1420, left: 0, top: 45, width: 720}, warnings: {}, webStorageEnabled: false}
Session ID: 0e775874-95aa-41c5-80e9-ed3802b984f3
2021-06-23 17:39:29 [main] INFO  org.systems.businessLayer.implementation - Login Page Opens successfully!
2021-06-23 17:39:30 [main] INFO  org.systems.businessLayer.implementation - Enter Username in field
2021-06-23 17:39:31 [main] INFO  org.systems.businessLayer.implementation - Enter Password in field
2021-06-23 17:39:32 [main] INFO  org.systems.businessLayer.implementation - clicked on login button
2021-06-23 17:39:45 [main] INFO  org.systems.businessLayer.implementation - clicked on login button
2021-06-23 17:42:45 [main] INFO  org.systems.businessLayer.implementation - Method: login_App_FullAccess Full Access Login failed in implementation class ACTION_SET_PROGRESS has failed on the element 'android.view.accessibility.AccessibilityNodeInfo@ed2d; boundsInParent: Rect(0, 0 - 326, 22); boundsInScreen: Rect(54, 416 - 665, 457); packageName: sa.com.stc.MyBusiness; className: android.widget.EditText; text: Enter OTP; error: null; maxTextLength: -1; contentDescription: null; tooltipText: null; viewIdResName: null; checkable: false; checked: false; focusable: true; focused: false; selected: false; clickable: true; longClickable: false; contextClickable: false; enabled: true; password: false; scrollable: false; importantForAccessibility: false; visible: true; actions: [AccessibilityAction: ACTION_NEXT_HTML_ELEMENT - null, AccessibilityAction: ACTION_PREVIOUS_HTML_ELEMENT - null, AccessibilityAction: ACTION_SHOW_ON_SCREEN - null, AccessibilityAction: ACTION_CONTEXT_CLICK - null, AccessibilityAction: ACTION_NEXT_AT_MOVEMENT_GRANULARITY - null, AccessibilityAction: ACTION_PREVIOUS_AT_MOVEMENT_GRANULARITY - null, AccessibilityAction: ACTION_SET_TEXT - null, AccessibilityAction: ACTION_PASTE - null, AccessibilityAction: ACTION_UNKNOWN - null, AccessibilityAction: ACTION_FOCUS - null, AccessibilityAction: ACTION_ACCESSIBILITY_FOCUS - null, AccessibilityAction: ACTION_CLICK - null, AccessibilityAction: ACTION_SET_PROGRESS - null]'. Did you interact with the correct element?
Build info: version: '3.141.59', revision: 'e82be7d358', time: '2018-11-14T08:17:03'
System info: host: 'KHILT-7757', ip: '192.168.8.114', os.name: 'Windows 10', os.arch: 'amd64', os.version: '10.0', java.version: '1.8.0_291'
Driver info: io.appium.java_client.AppiumDriver
Capabilities {appActivity: sa.com.stc.MyBusiness.MainA..., appPackage: sa.com.stc.MyBusiness, automationName: UIAutomator2, databaseEnabled: false, desired: {appActivity: sa.com.stc.MyBusiness.MainA..., appPackage: sa.com.stc.MyBusiness, automationName: UIAutomator2, newCommandTimeout: 1000, noReset: false, platformName: android}, deviceApiLevel: 29, deviceManufacturer: samsung, deviceModel: SM-A125F, deviceName: R58NC2CR3JF, deviceScreenDensity: 300, deviceScreenSize: 720x1600, deviceUDID: R58NC2CR3JF, javascriptEnabled: true, locationContextEnabled: false, networkConnectionEnabled: true, newCommandTimeout: 1000, noReset: false, pixelRatio: 1.875, platform: LINUX, platformName: android, platformVersion: 10, statBarHeight: 45, takesScreenshot: true, viewportRect: {height: 1420, left: 0, top: 45, width: 720}, warnings: {}, webStorageEnabled: false}
Session ID: 1510364e-8dad-415f-b1a5-bcd3c693083b
2021-06-23 17:43:15 [main] INFO  org.systems.businessLayer.implementation - Login Page Opens successfully!
2021-06-23 17:43:15 [main] INFO  org.systems.businessLayer.implementation - Enter Username in field
2021-06-23 17:43:16 [main] INFO  org.systems.businessLayer.implementation - Enter Password in field
2021-06-23 17:43:17 [main] INFO  org.systems.businessLayer.implementation - clicked on login button
2021-06-23 17:43:25 [main] INFO  org.systems.businessLayer.implementation - clicked on login button
2021-06-23 17:44:51 [main] INFO  org.systems.businessLayer.implementation - Login Page Opens successfully!
2021-06-23 17:44:53 [main] INFO  org.systems.businessLayer.implementation - Enter Username in field
2021-06-23 17:44:53 [main] INFO  org.systems.businessLayer.implementation - Enter Password in field
2021-06-23 17:44:56 [main] INFO  org.systems.businessLayer.implementation - clicked on login button
2021-06-23 17:45:07 [main] INFO  org.systems.businessLayer.implementation - clicked on login button
2021-06-23 17:47:32 [main] INFO  org.systems.businessLayer.implementation - Method: login_App_FullAccess Full Access Login failed in implementation class ACTION_SET_PROGRESS has failed on the element 'android.view.accessibility.AccessibilityNodeInfo@ed64; boundsInParent: Rect(0, 0 - 326, 22); boundsInScreen: Rect(54, 416 - 665, 457); packageName: sa.com.stc.MyBusiness; className: android.widget.EditText; text: Enter OTP; error: null; maxTextLength: -1; contentDescription: null; tooltipText: null; viewIdResName: null; checkable: false; checked: false; focusable: true; focused: false; selected: false; clickable: true; longClickable: false; contextClickable: false; enabled: true; password: false; scrollable: false; importantForAccessibility: false; visible: true; actions: [AccessibilityAction: ACTION_NEXT_HTML_ELEMENT - null, AccessibilityAction: ACTION_PREVIOUS_HTML_ELEMENT - null, AccessibilityAction: ACTION_SHOW_ON_SCREEN - null, AccessibilityAction: ACTION_CONTEXT_CLICK - null, AccessibilityAction: ACTION_NEXT_AT_MOVEMENT_GRANULARITY - null, AccessibilityAction: ACTION_PREVIOUS_AT_MOVEMENT_GRANULARITY - null, AccessibilityAction: ACTION_SET_TEXT - null, AccessibilityAction: ACTION_PASTE - null, AccessibilityAction: ACTION_UNKNOWN - null, AccessibilityAction: ACTION_FOCUS - null, AccessibilityAction: ACTION_ACCESSIBILITY_FOCUS - null, AccessibilityAction: ACTION_CLICK - null, AccessibilityAction: ACTION_SET_PROGRESS - null]'. Did you interact with the correct element?
Build info: version: '3.141.59', revision: 'e82be7d358', time: '2018-11-14T08:17:03'
System info: host: 'KHILT-7757', ip: '192.168.8.114', os.name: 'Windows 10', os.arch: 'amd64', os.version: '10.0', java.version: '1.8.0_291'
Driver info: io.appium.java_client.AppiumDriver
Capabilities {appActivity: sa.com.stc.MyBusiness.MainA..., appPackage: sa.com.stc.MyBusiness, automationName: UIAutomator2, databaseEnabled: false, desired: {appActivity: sa.com.stc.MyBusiness.MainA..., appPackage: sa.com.stc.MyBusiness, automationName: UIAutomator2, newCommandTimeout: 1000, noReset: false, platformName: android}, deviceApiLevel: 29, deviceManufacturer: samsung, deviceModel: SM-A125F, deviceName: R58NC2CR3JF, deviceScreenDensity: 300, deviceScreenSize: 720x1600, deviceUDID: R58NC2CR3JF, javascriptEnabled: true, locationContextEnabled: false, networkConnectionEnabled: true, newCommandTimeout: 1000, noReset: false, pixelRatio: 1.875, platform: LINUX, platformName: android, platformVersion: 10, statBarHeight: 45, takesScreenshot: true, viewportRect: {height: 1420, left: 0, top: 45, width: 720}, warnings: {}, webStorageEnabled: false}
Session ID: f906e709-c1fb-434d-bed7-c5f30abe300a
2021-06-23 17:47:32 [main] INFO  org.systems.businessLayer.implementation - Method: login_App_FullAccess Full Access Login failed in implementation class ACTION_SET_PROGRESS has failed on the element 'android.view.accessibility.AccessibilityNodeInfo@ed39; boundsInParent: Rect(0, 0 - 326, 22); boundsInScreen: Rect(54, 416 - 665, 457); packageName: sa.com.stc.MyBusiness; className: android.widget.EditText; text: Enter OTP; error: null; maxTextLength: -1; contentDescription: null; tooltipText: null; viewIdResName: null; checkable: false; checked: false; focusable: true; focused: false; selected: false; clickable: true; longClickable: false; contextClickable: false; enabled: true; password: false; scrollable: false; importantForAccessibility: false; visible: true; actions: [AccessibilityAction: ACTION_NEXT_HTML_ELEMENT - null, AccessibilityAction: ACTION_PREVIOUS_HTML_ELEMENT - null, AccessibilityAction: ACTION_SHOW_ON_SCREEN - null, AccessibilityAction: ACTION_CONTEXT_CLICK - null, AccessibilityAction: ACTION_NEXT_AT_MOVEMENT_GRANULARITY - null, AccessibilityAction: ACTION_PREVIOUS_AT_MOVEMENT_GRANULARITY - null, AccessibilityAction: ACTION_SET_TEXT - null, AccessibilityAction: ACTION_PASTE - null, AccessibilityAction: ACTION_UNKNOWN - null, AccessibilityAction: ACTION_FOCUS - null, AccessibilityAction: ACTION_ACCESSIBILITY_FOCUS - null, AccessibilityAction: ACTION_CLICK - null, AccessibilityAction: ACTION_SET_PROGRESS - null]'. Did you interact with the correct element?
Build info: version: '3.141.59', revision: 'e82be7d358', time: '2018-11-14T08:17:03'
System info: host: 'KHILT-7757', ip: '192.168.8.114', os.name: 'Windows 10', os.arch: 'amd64', os.version: '10.0', java.version: '1.8.0_291'
Driver info: io.appium.java_client.AppiumDriver
Capabilities {appActivity: sa.com.stc.MyBusiness.MainA..., appPackage: sa.com.stc.MyBusiness, automationName: UIAutomator2, databaseEnabled: false, desired: {appActivity: sa.com.stc.MyBusiness.MainA..., appPackage: sa.com.stc.MyBusiness, automationName: UIAutomator2, newCommandTimeout: 1000, noReset: false, platformName: android}, deviceApiLevel: 29, deviceManufacturer: samsung, deviceModel: SM-A125F, deviceName: R58NC2CR3JF, deviceScreenDensity: 300, deviceScreenSize: 720x1600, deviceUDID: R58NC2CR3JF, javascriptEnabled: true, locationContextEnabled: false, networkConnectionEnabled: true, newCommandTimeout: 1000, noReset: false, pixelRatio: 1.875, platform: LINUX, platformName: android, platformVersion: 10, statBarHeight: 45, takesScreenshot: true, viewportRect: {height: 1420, left: 0, top: 45, width: 720}, warnings: {}, webStorageEnabled: false}
Session ID: b081e3f4-9cd0-427d-bc4a-72b7b6509dd9
2021-06-23 17:48:39 [main] INFO  org.systems.businessLayer.implementation - Login Page Opens successfully!
2021-06-23 17:48:40 [main] INFO  org.systems.businessLayer.implementation - Enter Username in field
2021-06-23 17:48:41 [main] INFO  org.systems.businessLayer.implementation - Enter Password in field
2021-06-23 17:48:42 [main] INFO  org.systems.businessLayer.implementation - clicked on login button
2021-06-23 17:48:46 [main] INFO  org.systems.businessLayer.implementation - clicked on login button
2021-06-23 17:52:43 [main] INFO  org.systems.businessLayer.implementation - Method: login_App_FullAccess Full Access Login failed in implementation class ACTION_SET_PROGRESS has failed on the element 'android.view.accessibility.AccessibilityNodeInfo@ed51; boundsInParent: Rect(0, 0 - 326, 22); boundsInScreen: Rect(54, 416 - 665, 457); packageName: sa.com.stc.MyBusiness; className: android.widget.EditText; text: Enter OTP; error: null; maxTextLength: -1; contentDescription: null; tooltipText: null; viewIdResName: null; checkable: false; checked: false; focusable: true; focused: false; selected: false; clickable: true; longClickable: false; contextClickable: false; enabled: true; password: false; scrollable: false; importantForAccessibility: false; visible: true; actions: [AccessibilityAction: ACTION_NEXT_HTML_ELEMENT - null, AccessibilityAction: ACTION_PREVIOUS_HTML_ELEMENT - null, AccessibilityAction: ACTION_SHOW_ON_SCREEN - null, AccessibilityAction: ACTION_CONTEXT_CLICK - null, AccessibilityAction: ACTION_NEXT_AT_MOVEMENT_GRANULARITY - null, AccessibilityAction: ACTION_PREVIOUS_AT_MOVEMENT_GRANULARITY - null, AccessibilityAction: ACTION_SET_TEXT - null, AccessibilityAction: ACTION_PASTE - null, AccessibilityAction: ACTION_UNKNOWN - null, AccessibilityAction: ACTION_FOCUS - null, AccessibilityAction: ACTION_ACCESSIBILITY_FOCUS - null, AccessibilityAction: ACTION_CLICK - null, AccessibilityAction: ACTION_SET_PROGRESS - null]'. Did you interact with the correct element?
Build info: version: '3.141.59', revision: 'e82be7d358', time: '2018-11-14T08:17:03'
System info: host: 'KHILT-7757', ip: '192.168.8.114', os.name: 'Windows 10', os.arch: 'amd64', os.version: '10.0', java.version: '1.8.0_291'
Driver info: io.appium.java_client.AppiumDriver
Capabilities {appActivity: sa.com.stc.MyBusiness.MainA..., appPackage: sa.com.stc.MyBusiness, automationName: UIAutomator2, databaseEnabled: false, desired: {appActivity: sa.com.stc.MyBusiness.MainA..., appPackage: sa.com.stc.MyBusiness, automationName: UIAutomator2, newCommandTimeout: 1000, noReset: false, platformName: android}, deviceApiLevel: 29, deviceManufacturer: samsung, deviceModel: SM-A125F, deviceName: R58NC2CR3JF, deviceScreenDensity: 300, deviceScreenSize: 720x1600, deviceUDID: R58NC2CR3JF, javascriptEnabled: true, locationContextEnabled: false, networkConnectionEnabled: true, newCommandTimeout: 1000, noReset: false, pixelRatio: 1.875, platform: LINUX, platformName: android, platformVersion: 10, statBarHeight: 45, takesScreenshot: true, viewportRect: {height: 1420, left: 0, top: 45, width: 720}, warnings: {}, webStorageEnabled: false}
Session ID: 335e5404-a5b3-4306-9c53-05887682a4af
2021-06-23 17:54:35 [main] INFO  org.systems.businessLayer.implementation - Login Page Opens successfully!
2021-06-23 17:54:37 [main] INFO  org.systems.businessLayer.implementation - Enter Username in field
2021-06-23 17:54:37 [main] INFO  org.systems.businessLayer.implementation - Enter Password in field
2021-06-23 17:54:38 [main] INFO  org.systems.businessLayer.implementation - clicked on login button
2021-06-23 17:54:49 [main] INFO  org.systems.businessLayer.implementation - clicked on login button
2021-06-23 17:57:16 [main] INFO  org.systems.businessLayer.implementation - Method: login_App_FullAccess Full Access Login failed in implementation class ACTION_SET_PROGRESS has failed on the element 'android.view.accessibility.AccessibilityNodeInfo@ed3e; boundsInParent: Rect(0, 0 - 326, 22); boundsInScreen: Rect(54, 416 - 665, 457); packageName: sa.com.stc.MyBusiness; className: android.widget.EditText; text: Enter OTP; error: null; maxTextLength: -1; contentDescription: null; tooltipText: null; viewIdResName: null; checkable: false; checked: false; focusable: true; focused: false; selected: false; clickable: true; longClickable: false; contextClickable: false; enabled: true; password: false; scrollable: false; importantForAccessibility: false; visible: true; actions: [AccessibilityAction: ACTION_NEXT_HTML_ELEMENT - null, AccessibilityAction: ACTION_PREVIOUS_HTML_ELEMENT - null, AccessibilityAction: ACTION_SHOW_ON_SCREEN - null, AccessibilityAction: ACTION_CONTEXT_CLICK - null, AccessibilityAction: ACTION_NEXT_AT_MOVEMENT_GRANULARITY - null, AccessibilityAction: ACTION_PREVIOUS_AT_MOVEMENT_GRANULARITY - null, AccessibilityAction: ACTION_SET_TEXT - null, AccessibilityAction: ACTION_PASTE - null, AccessibilityAction: ACTION_UNKNOWN - null, AccessibilityAction: ACTION_FOCUS - null, AccessibilityAction: ACTION_ACCESSIBILITY_FOCUS - null, AccessibilityAction: ACTION_CLICK - null, AccessibilityAction: ACTION_SET_PROGRESS - null]'. Did you interact with the correct element?
Build info: version: '3.141.59', revision: 'e82be7d358', time: '2018-11-14T08:17:03'
System info: host: 'KHILT-7757', ip: '192.168.8.114', os.name: 'Windows 10', os.arch: 'amd64', os.version: '10.0', java.version: '1.8.0_291'
Driver info: io.appium.java_client.AppiumDriver
Capabilities {appActivity: sa.com.stc.MyBusiness.MainA..., appPackage: sa.com.stc.MyBusiness, automationName: UIAutomator2, databaseEnabled: false, desired: {appActivity: sa.com.stc.MyBusiness.MainA..., appPackage: sa.com.stc.MyBusiness, automationName: UIAutomator2, newCommandTimeout: 1000, noReset: false, platformName: android}, deviceApiLevel: 29, deviceManufacturer: samsung, deviceModel: SM-A125F, deviceName: R58NC2CR3JF, deviceScreenDensity: 300, deviceScreenSize: 720x1600, deviceUDID: R58NC2CR3JF, javascriptEnabled: true, locationContextEnabled: false, networkConnectionEnabled: true, newCommandTimeout: 1000, noReset: false, pixelRatio: 1.875, platform: LINUX, platformName: android, platformVersion: 10, statBarHeight: 45, takesScreenshot: true, viewportRect: {height: 1420, left: 0, top: 45, width: 720}, warnings: {}, webStorageEnabled: false}
Session ID: 8d469b86-4df1-4201-8c91-9c2510d47c53
2021-06-23 18:00:09 [main] INFO  org.systems.businessLayer.implementation - Login Page Opens successfully!
2021-06-23 18:00:11 [main] INFO  org.systems.businessLayer.implementation - Enter Username in field
2021-06-23 18:00:12 [main] INFO  org.systems.businessLayer.implementation - Enter Password in field
2021-06-23 18:00:13 [main] INFO  org.systems.businessLayer.implementation - clicked on login button
2021-06-23 18:00:29 [main] INFO  org.systems.businessLayer.implementation - clicked on login button
2021-06-23 18:01:16 [main] INFO  org.systems.businessLayer.implementation - Method: login_App_FullAccess Full Access Login failed in implementation class ACTION_SET_PROGRESS has failed on the element 'android.view.accessibility.AccessibilityNodeInfo@ec52; boundsInParent: Rect(0, 0 - 326, 22); boundsInScreen: Rect(54, 416 - 665, 457); packageName: sa.com.stc.MyBusiness; className: android.widget.EditText; text: Enter OTP; error: null; maxTextLength: -1; contentDescription: null; tooltipText: null; viewIdResName: null; checkable: false; checked: false; focusable: true; focused: false; selected: false; clickable: true; longClickable: false; contextClickable: false; enabled: true; password: false; scrollable: false; importantForAccessibility: false; visible: true; actions: [AccessibilityAction: ACTION_NEXT_HTML_ELEMENT - null, AccessibilityAction: ACTION_PREVIOUS_HTML_ELEMENT - null, AccessibilityAction: ACTION_SHOW_ON_SCREEN - null, AccessibilityAction: ACTION_CONTEXT_CLICK - null, AccessibilityAction: ACTION_NEXT_AT_MOVEMENT_GRANULARITY - null, AccessibilityAction: ACTION_PREVIOUS_AT_MOVEMENT_GRANULARITY - null, AccessibilityAction: ACTION_SET_TEXT - null, AccessibilityAction: ACTION_PASTE - null, AccessibilityAction: ACTION_UNKNOWN - null, AccessibilityAction: ACTION_FOCUS - null, AccessibilityAction: ACTION_ACCESSIBILITY_FOCUS - null, AccessibilityAction: ACTION_CLICK - null, AccessibilityAction: ACTION_SET_PROGRESS - null]'. Did you interact with the correct element?
Build info: version: '3.141.59', revision: 'e82be7d358', time: '2018-11-14T08:17:03'
System info: host: 'KHILT-7757', ip: '192.168.8.114', os.name: 'Windows 10', os.arch: 'amd64', os.version: '10.0', java.version: '1.8.0_291'
Driver info: io.appium.java_client.AppiumDriver
Capabilities {appActivity: sa.com.stc.MyBusiness.MainA..., appPackage: sa.com.stc.MyBusiness, automationName: UIAutomator2, databaseEnabled: false, desired: {appActivity: sa.com.stc.MyBusiness.MainA..., appPackage: sa.com.stc.MyBusiness, automationName: UIAutomator2, newCommandTimeout: 1000, noReset: false, platformName: android}, deviceApiLevel: 29, deviceManufacturer: samsung, deviceModel: SM-A125F, deviceName: R58NC2CR3JF, deviceScreenDensity: 300, deviceScreenSize: 720x1600, deviceUDID: R58NC2CR3JF, javascriptEnabled: true, locationContextEnabled: false, networkConnectionEnabled: true, newCommandTimeout: 1000, noReset: false, pixelRatio: 1.875, platform: LINUX, platformName: android, platformVersion: 10, statBarHeight: 45, takesScreenshot: true, viewportRect: {height: 1420, left: 0, top: 45, width: 720}, warnings: {}, webStorageEnabled: false}
Session ID: ccead323-3b54-458e-a810-9489707378cf
2021-06-23 18:14:17 [main] INFO  org.systems.businessLayer.implementation - Error when launching mobile driver Unable to create a new remote session. Please check the server log for more details. Original error: An unknown server-side error occurred while processing the command. Original error: Cannot start the 'sa.com.stc.MyBusiness' application. Visit https://github.com/appium/appium/blob/master/docs/en/writing-running-appium/android/activity-startup.md for troubleshooting. Original error: Error executing adbExec. Original error: 'Command 'C:\\Users\\faizan.mamji\\AppData\\Local\\Android\\Sdk\\platform-tools\\adb.exe -P 5037 -s R58NC2CR3JF shell am start -W -n sa.com.stc.MyBusiness/sa.com.stc.MyBusiness.MainActivity -S -a android.intent.action.MAIN -c android.intent.category.LAUNCHER -f 0x10200000' timed out after 20000ms'. Try to increase the 20000ms adb execution timeout represented by 'adbExecTimeout' capability
Build info: version: '3.141.59', revision: 'e82be7d358', time: '2018-11-14T08:17:03'
System info: host: 'KHILT-7757', ip: '192.168.8.114', os.name: 'Windows 10', os.arch: 'amd64', os.version: '10.0', java.version: '1.8.0_291'
Driver info: driver.version: AppiumDriver
remote stacktrace: UnknownError: An unknown server-side error occurred while processing the command. Original error: Cannot start the 'sa.com.stc.MyBusiness' application. Visit https://github.com/appium/appium/blob/master/docs/en/writing-running-appium/android/activity-startup.md for troubleshooting. Original error: Error executing adbExec. Original error: 'Command 'C:\\Users\\faizan.mamji\\AppData\\Local\\Android\\Sdk\\platform-tools\\adb.exe -P 5037 -s R58NC2CR3JF shell am start -W -n sa.com.stc.MyBusiness/sa.com.stc.MyBusiness.MainActivity -S -a android.intent.action.MAIN -c android.intent.category.LAUNCHER -f 0x10200000' timed out after 20000ms'. Try to increase the 20000ms adb execution timeout represented by 'adbExecTimeout' capability
    at getResponseForW3CError (C:\Users\faizan.mamji\Desktop\Appium\resources\app\node_modules\appium\node_modules\appium-base-driver\lib\protocol\errors.js:804:9)
    at asyncHandler (C:\Users\faizan.mamji\Desktop\Appium\resources\app\node_modules\appium\node_modules\appium-base-driver\lib\protocol\protocol.js:380:37)
Build info: version: '3.141.59', revision: 'e82be7d358', time: '2018-11-14T08:17:03'
System info: host: 'KHILT-7757', ip: '192.168.8.114', os.name: 'Windows 10', os.arch: 'amd64', os.version: '10.0', java.version: '1.8.0_291'
Driver info: driver.version: AppiumDriver
2021-06-23 18:15:04 [main] INFO  org.systems.businessLayer.implementation - Login Page Opens successfully!
2021-06-23 18:15:05 [main] INFO  org.systems.businessLayer.implementation - Enter Username in field
2021-06-23 18:15:06 [main] INFO  org.systems.businessLayer.implementation - Enter Password in field
2021-06-23 18:15:07 [main] INFO  org.systems.businessLayer.implementation - clicked on login button
2021-06-23 18:15:11 [main] INFO  org.systems.businessLayer.implementation - clicked on login button
2021-06-23 18:16:58 [main] INFO  org.systems.businessLayer.implementation - Method: login_App_FullAccess Full Access Login failed in implementation class Method is not implemented
Build info: version: '3.141.59', revision: 'e82be7d358', time: '2018-11-14T08:17:03'
System info: host: 'KHILT-7757', ip: '192.168.8.114', os.name: 'Windows 10', os.arch: 'amd64', os.version: '10.0', java.version: '1.8.0_291'
Driver info: io.appium.java_client.AppiumDriver
Capabilities {appActivity: sa.com.stc.MyBusiness.MainA..., appPackage: sa.com.stc.MyBusiness, automationName: UIAutomator2, databaseEnabled: false, desired: {appActivity: sa.com.stc.MyBusiness.MainA..., appPackage: sa.com.stc.MyBusiness, automationName: UIAutomator2, newCommandTimeout: 1000, noReset: false, platformName: android}, deviceApiLevel: 29, deviceManufacturer: samsung, deviceModel: SM-A125F, deviceName: R58NC2CR3JF, deviceScreenDensity: 300, deviceScreenSize: 720x1600, deviceUDID: R58NC2CR3JF, javascriptEnabled: true, locationContextEnabled: false, networkConnectionEnabled: true, newCommandTimeout: 1000, noReset: false, pixelRatio: 1.875, platform: LINUX, platformName: android, platformVersion: 10, statBarHeight: 45, takesScreenshot: true, viewportRect: {height: 1420, left: 0, top: 45, width: 720}, warnings: {}, webStorageEnabled: false}
Session ID: a08b3863-5a16-41a8-9295-f79cba9c0521
2021-06-23 18:17:28 [main] INFO  org.systems.businessLayer.implementation - Login Page Opens successfully!
2021-06-23 18:17:28 [main] INFO  org.systems.businessLayer.implementation - Enter Username in field
2021-06-23 18:17:29 [main] INFO  org.systems.businessLayer.implementation - Enter Password in field
2021-06-23 18:17:30 [main] INFO  org.systems.businessLayer.implementation - clicked on login button
2021-06-23 18:17:44 [main] INFO  org.systems.businessLayer.implementation - clicked on login button
2021-06-23 18:19:12 [main] INFO  org.systems.businessLayer.implementation - Method: login_App_FullAccess Full Access Login failed in implementation class Method is not implemented
Build info: version: '3.141.59', revision: 'e82be7d358', time: '2018-11-14T08:17:03'
System info: host: 'KHILT-7757', ip: '192.168.8.114', os.name: 'Windows 10', os.arch: 'amd64', os.version: '10.0', java.version: '1.8.0_291'
Driver info: io.appium.java_client.AppiumDriver
Capabilities {appActivity: sa.com.stc.MyBusiness.MainA..., appPackage: sa.com.stc.MyBusiness, automationName: UIAutomator2, databaseEnabled: false, desired: {appActivity: sa.com.stc.MyBusiness.MainA..., appPackage: sa.com.stc.MyBusiness, automationName: UIAutomator2, newCommandTimeout: 1000, noReset: false, platformName: android}, deviceApiLevel: 29, deviceManufacturer: samsung, deviceModel: SM-A125F, deviceName: R58NC2CR3JF, deviceScreenDensity: 300, deviceScreenSize: 720x1600, deviceUDID: R58NC2CR3JF, javascriptEnabled: true, locationContextEnabled: false, networkConnectionEnabled: true, newCommandTimeout: 1000, noReset: false, pixelRatio: 1.875, platform: LINUX, platformName: android, platformVersion: 10, statBarHeight: 45, takesScreenshot: true, viewportRect: {height: 1420, left: 0, top: 45, width: 720}, warnings: {}, webStorageEnabled: false}
Session ID: 75ea20cc-c48a-4994-8a3a-f7b44ef7757b
2021-06-23 18:23:30 [main] INFO  org.systems.businessLayer.implementation - Login Page Opens successfully!
2021-06-23 18:23:31 [main] INFO  org.systems.businessLayer.implementation - Enter Username in field
2021-06-23 18:23:32 [main] INFO  org.systems.businessLayer.implementation - Enter Password in field
2021-06-23 18:23:33 [main] INFO  org.systems.businessLayer.implementation - clicked on login button
2021-06-23 18:23:41 [main] INFO  org.systems.businessLayer.implementation - clicked on login button
2021-06-23 18:43:13 [main] INFO  org.systems.businessLayer.implementation - Method: login_App_FullAccess Full Access Login failed in implementation class Method is not implemented
Build info: version: '3.141.59', revision: 'e82be7d358', time: '2018-11-14T08:17:03'
System info: host: 'KHILT-7757', ip: '192.168.8.114', os.name: 'Windows 10', os.arch: 'amd64', os.version: '10.0', java.version: '1.8.0_291'
Driver info: io.appium.java_client.AppiumDriver
Capabilities {appActivity: sa.com.stc.MyBusiness.MainA..., appPackage: sa.com.stc.MyBusiness, automationName: UIAutomator2, databaseEnabled: false, desired: {appActivity: sa.com.stc.MyBusiness.MainA..., appPackage: sa.com.stc.MyBusiness, automationName: UIAutomator2, newCommandTimeout: 1000, noReset: false, platformName: android}, deviceApiLevel: 29, deviceManufacturer: samsung, deviceModel: SM-A125F, deviceName: R58NC2CR3JF, deviceScreenDensity: 300, deviceScreenSize: 720x1600, deviceUDID: R58NC2CR3JF, javascriptEnabled: true, locationContextEnabled: false, networkConnectionEnabled: true, newCommandTimeout: 1000, noReset: false, pixelRatio: 1.875, platform: LINUX, platformName: android, platformVersion: 10, statBarHeight: 45, takesScreenshot: true, viewportRect: {height: 1420, left: 0, top: 45, width: 720}, warnings: {}, webStorageEnabled: false}
Session ID: cd2d6a6a-2c93-412d-9aec-138848700458
2021-06-23 19:07:23 [main] INFO  org.systems.businessLayer.implementation - Login Page Opens successfully!
2021-06-23 19:07:24 [main] INFO  org.systems.businessLayer.implementation - Enter Username in field
2021-06-23 19:07:25 [main] INFO  org.systems.businessLayer.implementation - Enter Password in field
2021-06-23 19:07:26 [main] INFO  org.systems.businessLayer.implementation - clicked on login button
2021-06-23 19:07:38 [main] INFO  org.systems.businessLayer.implementation - clicked on login button
2021-06-23 19:07:39 [main] INFO  org.systems.businessLayer.implementation - OTP Field clear successfully!
2021-06-23 19:07:40 [main] INFO  org.systems.businessLayer.implementation - Method: login_App_FullAccess Full Access Login failed in implementation class ACTION_SET_PROGRESS has failed on the element 'android.view.accessibility.AccessibilityNodeInfo@ed7e; boundsInParent: Rect(0, 0 - 326, 22); boundsInScreen: Rect(54, 416 - 665, 457); packageName: sa.com.stc.MyBusiness; className: android.widget.EditText; text: Enter OTP; error: null; maxTextLength: -1; contentDescription: null; tooltipText: null; viewIdResName: null; checkable: false; checked: false; focusable: true; focused: false; selected: false; clickable: true; longClickable: false; contextClickable: false; enabled: true; password: false; scrollable: false; importantForAccessibility: false; visible: true; actions: [AccessibilityAction: ACTION_NEXT_HTML_ELEMENT - null, AccessibilityAction: ACTION_PREVIOUS_HTML_ELEMENT - null, AccessibilityAction: ACTION_SHOW_ON_SCREEN - null, AccessibilityAction: ACTION_CONTEXT_CLICK - null, AccessibilityAction: ACTION_NEXT_AT_MOVEMENT_GRANULARITY - null, AccessibilityAction: ACTION_PREVIOUS_AT_MOVEMENT_GRANULARITY - null, AccessibilityAction: ACTION_SET_TEXT - null, AccessibilityAction: ACTION_PASTE - null, AccessibilityAction: ACTION_UNKNOWN - null, AccessibilityAction: ACTION_FOCUS - null, AccessibilityAction: ACTION_ACCESSIBILITY_FOCUS - null, AccessibilityAction: ACTION_CLICK - null, AccessibilityAction: ACTION_SET_PROGRESS - null]'. Did you interact with the correct element?
Build info: version: '3.141.59', revision: 'e82be7d358', time: '2018-11-14T08:17:03'
System info: host: 'KHILT-7757', ip: '192.168.8.114', os.name: 'Windows 10', os.arch: 'amd64', os.version: '10.0', java.version: '1.8.0_291'
Driver info: io.appium.java_client.AppiumDriver
Capabilities {appActivity: sa.com.stc.MyBusiness.MainA..., appPackage: sa.com.stc.MyBusiness, automationName: UIAutomator2, databaseEnabled: false, desired: {appActivity: sa.com.stc.MyBusiness.MainA..., appPackage: sa.com.stc.MyBusiness, automationName: UIAutomator2, newCommandTimeout: 1000, noReset: false, platformName: android}, deviceApiLevel: 29, deviceManufacturer: samsung, deviceModel: SM-A125F, deviceName: R58NC2CR3JF, deviceScreenDensity: 300, deviceScreenSize: 720x1600, deviceUDID: R58NC2CR3JF, javascriptEnabled: true, locationContextEnabled: false, networkConnectionEnabled: true, newCommandTimeout: 1000, noReset: false, pixelRatio: 1.875, platform: LINUX, platformName: android, platformVersion: 10, statBarHeight: 45, takesScreenshot: true, viewportRect: {height: 1420, left: 0, top: 45, width: 720}, warnings: {}, webStorageEnabled: false}
Session ID: c19c6cee-7b6a-4f3b-9a10-af97c135667e
2021-06-23 19:12:19 [main] INFO  org.systems.businessLayer.implementation - Login Page Opens successfully!
2021-06-23 19:12:20 [main] INFO  org.systems.businessLayer.implementation - Enter Username in field
2021-06-23 19:12:21 [main] INFO  org.systems.businessLayer.implementation - Enter Password in field
2021-06-23 19:12:22 [main] INFO  org.systems.businessLayer.implementation - clicked on login button
2021-06-23 19:12:31 [main] INFO  org.systems.businessLayer.implementation - clicked on login button
2021-06-23 19:15:26 [main] INFO  org.systems.businessLayer.implementation - OTP Field clear successfully!
2021-06-23 19:27:08 [main] INFO  org.systems.businessLayer.implementation - Login Page Opens successfully!
2021-06-23 19:27:09 [main] INFO  org.systems.businessLayer.implementation - Enter Username in field
2021-06-23 19:27:10 [main] INFO  org.systems.businessLayer.implementation - Enter Password in field
2021-06-23 19:27:11 [main] INFO  org.systems.businessLayer.implementation - clicked on login button
2021-06-23 19:27:16 [main] INFO  org.systems.businessLayer.implementation - clicked on login button
2021-06-23 19:27:45 [main] INFO  org.systems.businessLayer.implementation - OTP Field clear successfully!
2021-06-23 19:27:52 [main] INFO  org.systems.businessLayer.implementation - Method: login_App_FullAccess Full Access Login failed in implementation class ACTION_SET_PROGRESS has failed on the element 'android.view.accessibility.AccessibilityNodeInfo@edb3; boundsInParent: Rect(0, 0 - 326, 22); boundsInScreen: Rect(54, 416 - 665, 457); packageName: sa.com.stc.MyBusiness; className: android.widget.EditText; text: Enter OTP; error: null; maxTextLength: -1; contentDescription: null; tooltipText: null; viewIdResName: null; checkable: false; checked: false; focusable: true; focused: false; selected: false; clickable: true; longClickable: false; contextClickable: false; enabled: true; password: false; scrollable: false; importantForAccessibility: false; visible: true; actions: [AccessibilityAction: ACTION_NEXT_HTML_ELEMENT - null, AccessibilityAction: ACTION_PREVIOUS_HTML_ELEMENT - null, AccessibilityAction: ACTION_SHOW_ON_SCREEN - null, AccessibilityAction: ACTION_CONTEXT_CLICK - null, AccessibilityAction: ACTION_NEXT_AT_MOVEMENT_GRANULARITY - null, AccessibilityAction: ACTION_PREVIOUS_AT_MOVEMENT_GRANULARITY - null, AccessibilityAction: ACTION_SET_TEXT - null, AccessibilityAction: ACTION_PASTE - null, AccessibilityAction: ACTION_UNKNOWN - null, AccessibilityAction: ACTION_FOCUS - null, AccessibilityAction: ACTION_ACCESSIBILITY_FOCUS - null, AccessibilityAction: ACTION_CLICK - null, AccessibilityAction: ACTION_SET_PROGRESS - null]'. Did you interact with the correct element?
Build info: version: '3.141.59', revision: 'e82be7d358', time: '2018-11-14T08:17:03'
System info: host: 'KHILT-7757', ip: '192.168.8.114', os.name: 'Windows 10', os.arch: 'amd64', os.version: '10.0', java.version: '1.8.0_291'
Driver info: io.appium.java_client.AppiumDriver
Capabilities {appActivity: sa.com.stc.MyBusiness.MainA..., appPackage: sa.com.stc.MyBusiness, automationName: UIAutomator2, databaseEnabled: false, desired: {appActivity: sa.com.stc.MyBusiness.MainA..., appPackage: sa.com.stc.MyBusiness, automationName: UIAutomator2, newCommandTimeout: 1000, noReset: false, platformName: android}, deviceApiLevel: 29, deviceManufacturer: samsung, deviceModel: SM-A125F, deviceName: R58NC2CR3JF, deviceScreenDensity: 300, deviceScreenSize: 720x1600, deviceUDID: R58NC2CR3JF, javascriptEnabled: true, locationContextEnabled: false, networkConnectionEnabled: true, newCommandTimeout: 1000, noReset: false, pixelRatio: 1.875, platform: LINUX, platformName: android, platformVersion: 10, statBarHeight: 45, takesScreenshot: true, viewportRect: {height: 1420, left: 0, top: 45, width: 720}, warnings: {}, webStorageEnabled: false}
Session ID: 53fa9904-0bb4-431f-aff8-ea5d27c43c6a
2021-06-23 19:29:10 [main] INFO  org.systems.businessLayer.implementation - Login Page Opens successfully!
2021-06-23 19:29:11 [main] INFO  org.systems.businessLayer.implementation - Enter Username in field
2021-06-23 19:29:12 [main] INFO  org.systems.businessLayer.implementation - Enter Password in field
2021-06-23 19:29:13 [main] INFO  org.systems.businessLayer.implementation - clicked on login button
2021-06-23 19:29:22 [main] INFO  org.systems.businessLayer.implementation - clicked on login button
2021-06-23 19:29:23 [main] INFO  org.systems.businessLayer.implementation - OTP Field clear successfully!
2021-06-23 19:30:59 [main] INFO  org.systems.businessLayer.implementation - Method: login_App_FullAccess Full Access Login failed in implementation class ACTION_SET_PROGRESS has failed on the element 'android.view.accessibility.AccessibilityNodeInfo@eddd; boundsInParent: Rect(0, 0 - 326, 22); boundsInScreen: Rect(54, 416 - 665, 457); packageName: sa.com.stc.MyBusiness; className: android.widget.EditText; text: Enter OTP; error: null; maxTextLength: -1; contentDescription: null; tooltipText: null; viewIdResName: null; checkable: false; checked: false; focusable: true; focused: false; selected: false; clickable: true; longClickable: false; contextClickable: false; enabled: true; password: false; scrollable: false; importantForAccessibility: false; visible: true; actions: [AccessibilityAction: ACTION_NEXT_HTML_ELEMENT - null, AccessibilityAction: ACTION_PREVIOUS_HTML_ELEMENT - null, AccessibilityAction: ACTION_SHOW_ON_SCREEN - null, AccessibilityAction: ACTION_CONTEXT_CLICK - null, AccessibilityAction: ACTION_NEXT_AT_MOVEMENT_GRANULARITY - null, AccessibilityAction: ACTION_PREVIOUS_AT_MOVEMENT_GRANULARITY - null, AccessibilityAction: ACTION_SET_TEXT - null, AccessibilityAction: ACTION_PASTE - null, AccessibilityAction: ACTION_UNKNOWN - null, AccessibilityAction: ACTION_FOCUS - null, AccessibilityAction: ACTION_ACCESSIBILITY_FOCUS - null, AccessibilityAction: ACTION_CLICK - null, AccessibilityAction: ACTION_SET_PROGRESS - null]'. Did you interact with the correct element?
Build info: version: '3.141.59', revision: 'e82be7d358', time: '2018-11-14T08:17:03'
System info: host: 'KHILT-7757', ip: '192.168.8.114', os.name: 'Windows 10', os.arch: 'amd64', os.version: '10.0', java.version: '1.8.0_291'
Driver info: io.appium.java_client.AppiumDriver
Capabilities {appActivity: sa.com.stc.MyBusiness.MainA..., appPackage: sa.com.stc.MyBusiness, automationName: UIAutomator2, databaseEnabled: false, desired: {appActivity: sa.com.stc.MyBusiness.MainA..., appPackage: sa.com.stc.MyBusiness, automationName: UIAutomator2, newCommandTimeout: 1000, noReset: false, platformName: android}, deviceApiLevel: 29, deviceManufacturer: samsung, deviceModel: SM-A125F, deviceName: R58NC2CR3JF, deviceScreenDensity: 300, deviceScreenSize: 720x1600, deviceUDID: R58NC2CR3JF, javascriptEnabled: true, locationContextEnabled: false, networkConnectionEnabled: true, newCommandTimeout: 1000, noReset: false, pixelRatio: 1.875, platform: LINUX, platformName: android, platformVersion: 10, statBarHeight: 45, takesScreenshot: true, viewportRect: {height: 1420, left: 0, top: 45, width: 720}, warnings: {}, webStorageEnabled: false}
Session ID: 66a82ff4-4edd-472a-b547-fc17c093f2f0
2021-06-23 19:31:25 [main] INFO  org.systems.businessLayer.implementation - Login Page Opens successfully!
2021-06-23 19:31:26 [main] INFO  org.systems.businessLayer.implementation - Enter Username in field
2021-06-23 19:31:27 [main] INFO  org.systems.businessLayer.implementation - Enter Password in field
2021-06-23 19:31:28 [main] INFO  org.systems.businessLayer.implementation - clicked on login button
2021-06-23 19:31:44 [main] INFO  org.systems.businessLayer.implementation - clicked on login button
2021-06-23 19:31:44 [main] INFO  org.systems.businessLayer.implementation - OTP Field clear successfully!
2021-06-23 19:44:38 [main] INFO  org.systems.businessLayer.implementation - Method: login_App_FullAccess Full Access Login failed in implementation class ACTION_SET_PROGRESS has failed on the element 'android.view.accessibility.AccessibilityNodeInfo@ede8; boundsInParent: Rect(0, 0 - 326, 22); boundsInScreen: Rect(54, 416 - 665, 457); packageName: sa.com.stc.MyBusiness; className: android.widget.EditText; text: Enter OTP; error: null; maxTextLength: -1; contentDescription: null; tooltipText: null; viewIdResName: null; checkable: false; checked: false; focusable: true; focused: false; selected: false; clickable: true; longClickable: false; contextClickable: false; enabled: true; password: false; scrollable: false; importantForAccessibility: false; visible: true; actions: [AccessibilityAction: ACTION_NEXT_HTML_ELEMENT - null, AccessibilityAction: ACTION_PREVIOUS_HTML_ELEMENT - null, AccessibilityAction: ACTION_SHOW_ON_SCREEN - null, AccessibilityAction: ACTION_CONTEXT_CLICK - null, AccessibilityAction: ACTION_NEXT_AT_MOVEMENT_GRANULARITY - null, AccessibilityAction: ACTION_PREVIOUS_AT_MOVEMENT_GRANULARITY - null, AccessibilityAction: ACTION_SET_TEXT - null, AccessibilityAction: ACTION_PASTE - null, AccessibilityAction: ACTION_UNKNOWN - null, AccessibilityAction: ACTION_FOCUS - null, AccessibilityAction: ACTION_ACCESSIBILITY_FOCUS - null, AccessibilityAction: ACTION_CLICK - null, AccessibilityAction: ACTION_SET_PROGRESS - null]'. Did you interact with the correct element?
Build info: version: '3.141.59', revision: 'e82be7d358', time: '2018-11-14T08:17:03'
System info: host: 'KHILT-7757', ip: '192.168.8.114', os.name: 'Windows 10', os.arch: 'amd64', os.version: '10.0', java.version: '1.8.0_291'
Driver info: io.appium.java_client.AppiumDriver
Capabilities {appActivity: sa.com.stc.MyBusiness.MainA..., appPackage: sa.com.stc.MyBusiness, automationName: UIAutomator2, databaseEnabled: false, desired: {appActivity: sa.com.stc.MyBusiness.MainA..., appPackage: sa.com.stc.MyBusiness, automationName: UIAutomator2, newCommandTimeout: 1000, noReset: false, platformName: android}, deviceApiLevel: 29, deviceManufacturer: samsung, deviceModel: SM-A125F, deviceName: R58NC2CR3JF, deviceScreenDensity: 300, deviceScreenSize: 720x1600, deviceUDID: R58NC2CR3JF, javascriptEnabled: true, locationContextEnabled: false, networkConnectionEnabled: true, newCommandTimeout: 1000, noReset: false, pixelRatio: 1.875, platform: LINUX, platformName: android, platformVersion: 10, statBarHeight: 45, takesScreenshot: true, viewportRect: {height: 1420, left: 0, top: 45, width: 720}, warnings: {}, webStorageEnabled: false}
Session ID: 0a462e63-8434-459a-9dc4-d855aa7f4de1
2021-06-23 19:45:02 [main] INFO  org.systems.businessLayer.implementation - Login Page Opens successfully!
2021-06-23 19:45:03 [main] INFO  org.systems.businessLayer.implementation - Enter Username in field
2021-06-23 19:45:03 [main] INFO  org.systems.businessLayer.implementation - Enter Password in field
2021-06-23 19:45:06 [main] INFO  org.systems.businessLayer.implementation - clicked on login button
2021-06-23 19:45:08 [main] INFO  org.systems.businessLayer.implementation - clicked on login button
2021-06-23 19:45:08 [main] INFO  org.systems.businessLayer.implementation - OTP Field clear successfully!
2021-06-23 19:48:32 [main] INFO  org.systems.businessLayer.implementation - Method: login_App_FullAccess Full Access Login failed in implementation class ACTION_SET_PROGRESS has failed on the element 'android.view.accessibility.AccessibilityNodeInfo@ee00; boundsInParent: Rect(0, 0 - 326, 22); boundsInScreen: Rect(54, 416 - 665, 457); packageName: sa.com.stc.MyBusiness; className: android.widget.EditText; text: Enter OTP; error: null; maxTextLength: -1; contentDescription: null; tooltipText: null; viewIdResName: null; checkable: false; checked: false; focusable: true; focused: false; selected: false; clickable: true; longClickable: false; contextClickable: false; enabled: true; password: false; scrollable: false; importantForAccessibility: false; visible: true; actions: [AccessibilityAction: ACTION_NEXT_HTML_ELEMENT - null, AccessibilityAction: ACTION_PREVIOUS_HTML_ELEMENT - null, AccessibilityAction: ACTION_SHOW_ON_SCREEN - null, AccessibilityAction: ACTION_CONTEXT_CLICK - null, AccessibilityAction: ACTION_NEXT_AT_MOVEMENT_GRANULARITY - null, AccessibilityAction: ACTION_PREVIOUS_AT_MOVEMENT_GRANULARITY - null, AccessibilityAction: ACTION_SET_TEXT - null, AccessibilityAction: ACTION_PASTE - null, AccessibilityAction: ACTION_UNKNOWN - null, AccessibilityAction: ACTION_FOCUS - null, AccessibilityAction: ACTION_ACCESSIBILITY_FOCUS - null, AccessibilityAction: ACTION_CLICK - null, AccessibilityAction: ACTION_SET_PROGRESS - null]'. Did you interact with the correct element?
Build info: version: '3.141.59', revision: 'e82be7d358', time: '2018-11-14T08:17:03'
System info: host: 'KHILT-7757', ip: '192.168.8.114', os.name: 'Windows 10', os.arch: 'amd64', os.version: '10.0', java.version: '1.8.0_291'
Driver info: io.appium.java_client.AppiumDriver
Capabilities {appActivity: sa.com.stc.MyBusiness.MainA..., appPackage: sa.com.stc.MyBusiness, automationName: UIAutomator2, databaseEnabled: false, desired: {appActivity: sa.com.stc.MyBusiness.MainA..., appPackage: sa.com.stc.MyBusiness, automationName: UIAutomator2, newCommandTimeout: 1000, noReset: false, platformName: android}, deviceApiLevel: 29, deviceManufacturer: samsung, deviceModel: SM-A125F, deviceName: R58NC2CR3JF, deviceScreenDensity: 300, deviceScreenSize: 720x1600, deviceUDID: R58NC2CR3JF, javascriptEnabled: true, locationContextEnabled: false, networkConnectionEnabled: true, newCommandTimeout: 1000, noReset: false, pixelRatio: 1.875, platform: LINUX, platformName: android, platformVersion: 10, statBarHeight: 45, takesScreenshot: true, viewportRect: {height: 1420, left: 0, top: 45, width: 720}, warnings: {}, webStorageEnabled: false}
Session ID: 07906f3b-c56b-4da7-a8fc-7f0b3d67b904
2021-06-24 13:35:07 [main] INFO  org.systems.businessLayer.implementation - Login Page Opens successfully!
2021-06-24 13:35:10 [main] INFO  org.systems.businessLayer.implementation - Enter Username in field
2021-06-24 13:35:10 [main] INFO  org.systems.businessLayer.implementation - Enter Password in field
2021-06-24 13:35:10 [main] INFO  org.systems.businessLayer.implementation - clicked on login button
2021-06-24 13:36:21 [main] INFO  org.systems.businessLayer.implementation - Method: login_App_FullAccess Full Access Login failed in implementation class An element could not be located on the page using the given search parameters.
For documentation on this error, please visit: https://www.seleniumhq.org/exceptions/no_such_element.html
Build info: version: '3.141.59', revision: 'e82be7d358', time: '2018-11-14T08:17:03'
System info: host: 'KHILT-7757', ip: '192.168.8.114', os.name: 'Windows 10', os.arch: 'amd64', os.version: '10.0', java.version: '1.8.0_291'
Driver info: io.appium.java_client.AppiumDriver
Capabilities {appActivity: sa.com.stc.MyBusiness.MainA..., appPackage: sa.com.stc.MyBusiness, automationName: UIAutomator2, databaseEnabled: false, desired: {appActivity: sa.com.stc.MyBusiness.MainA..., appPackage: sa.com.stc.MyBusiness, automationName: UIAutomator2, newCommandTimeout: 1000, noReset: false, platformName: android}, deviceApiLevel: 29, deviceManufacturer: samsung, deviceModel: SM-A125F, deviceName: R58NC2CR3JF, deviceScreenDensity: 300, deviceScreenSize: 720x1600, deviceUDID: R58NC2CR3JF, javascriptEnabled: true, locationContextEnabled: false, networkConnectionEnabled: true, newCommandTimeout: 1000, noReset: false, pixelRatio: 1.875, platform: LINUX, platformName: android, platformVersion: 10, statBarHeight: 45, takesScreenshot: true, viewportRect: {height: 1420, left: 0, top: 45, width: 720}, warnings: {}, webStorageEnabled: false}
Session ID: 6118a9d1-0db3-4cd8-bd24-6c89a5457924
*** Element info: {Using=-android uiautomator, value=text("OK")}
2021-06-24 13:37:20 [main] INFO  org.systems.businessLayer.implementation - Login Page Opens successfully!
2021-06-24 13:37:23 [main] INFO  org.systems.businessLayer.implementation - Enter Username in field
2021-06-24 13:37:23 [main] INFO  org.systems.businessLayer.implementation - Enter Password in field
2021-06-24 13:37:41 [main] INFO  org.systems.businessLayer.implementation - clicked on login button
2021-06-24 13:37:51 [main] INFO  org.systems.businessLayer.implementation - clicked on login button
2021-06-24 13:37:54 [main] INFO  org.systems.businessLayer.implementation - OTP Field clear successfully!
2021-06-24 13:39:36 [main] INFO  org.systems.businessLayer.implementation - Login Page Opens successfully!
2021-06-24 13:39:39 [main] INFO  org.systems.businessLayer.implementation - Enter Username in field
2021-06-24 13:39:39 [main] INFO  org.systems.businessLayer.implementation - Enter Password in field
2021-06-24 13:39:39 [main] INFO  org.systems.businessLayer.implementation - clicked on login button
2021-06-24 13:40:57 [main] INFO  org.systems.businessLayer.implementation - Login Page Opens successfully!
2021-06-24 13:41:04 [main] INFO  org.systems.businessLayer.implementation - Enter Username in field
2021-06-24 13:41:05 [main] INFO  org.systems.businessLayer.implementation - Enter Password in field
2021-06-24 13:41:09 [main] INFO  org.systems.businessLayer.implementation - clicked on login button
2021-06-24 13:41:24 [main] INFO  org.systems.businessLayer.implementation - clicked on login button
2021-06-24 13:41:25 [main] INFO  org.systems.businessLayer.implementation - OTP Field clear successfully!
2021-06-24 14:04:14 [main] INFO  org.systems.businessLayer.implementation - Login Page Opens successfully!
2021-06-24 14:04:17 [main] INFO  org.systems.businessLayer.implementation - Enter Username in field
2021-06-24 14:04:17 [main] INFO  org.systems.businessLayer.implementation - Enter Password in field
2021-06-24 14:04:20 [main] INFO  org.systems.businessLayer.implementation - clicked on login button
2021-06-24 14:04:42 [main] INFO  org.systems.businessLayer.implementation - clicked on login button
2021-06-24 14:04:43 [main] INFO  org.systems.businessLayer.implementation - OTP Field clear successfully!
2021-06-24 14:04:44 [main] INFO  org.systems.businessLayer.implementation - OTP value entered successfully!
2021-06-24 14:04:44 [main] INFO  org.systems.businessLayer.implementation - Method: login_App_FullAccess Full Access Login failed in implementation class java.lang.IllegalArgumentException: Unable to compile 'text("Login")'. See Cause.
For documentation on this error, please visit: https://www.seleniumhq.org/exceptions/invalid_selector_exception.html
Build info: version: '3.141.59', revision: 'e82be7d358', time: '2018-11-14T08:17:03'
System info: host: 'KHILT-7757', ip: '192.168.8.114', os.name: 'Windows 10', os.arch: 'amd64', os.version: '10.0', java.version: '1.8.0_291'
Driver info: io.appium.java_client.AppiumDriver
Capabilities {appActivity: sa.com.stc.MyBusiness.MainA..., appPackage: sa.com.stc.MyBusiness, automationName: UIAutomator2, databaseEnabled: false, desired: {appActivity: sa.com.stc.MyBusiness.MainA..., appPackage: sa.com.stc.MyBusiness, automationName: UIAutomator2, newCommandTimeout: 1000, noReset: false, platformName: android}, deviceApiLevel: 29, deviceManufacturer: samsung, deviceModel: SM-A125F, deviceName: R58NC2CR3JF, deviceScreenDensity: 300, deviceScreenSize: 720x1600, deviceUDID: R58NC2CR3JF, javascriptEnabled: true, locationContextEnabled: false, networkConnectionEnabled: true, newCommandTimeout: 1000, noReset: false, pixelRatio: 1.875, platform: LINUX, platformName: android, platformVersion: 10, statBarHeight: 45, takesScreenshot: true, viewportRect: {height: 1420, left: 0, top: 45, width: 720}, warnings: {}, webStorageEnabled: false}
Session ID: 784d95c4-7935-4689-acbf-ef8b5c4409cf
*** Element info: {Using=xpath, value=text("Login")}
2021-06-24 14:10:11 [main] INFO  org.systems.businessLayer.implementation - Login Page Opens successfully!
2021-06-24 14:10:14 [main] INFO  org.systems.businessLayer.implementation - Enter Username in field
2021-06-24 14:10:14 [main] INFO  org.systems.businessLayer.implementation - Enter Password in field
2021-06-24 14:10:20 [main] INFO  org.systems.businessLayer.implementation - clicked on login button
2021-06-24 14:10:24 [main] INFO  org.systems.businessLayer.implementation - clicked on login button
2021-06-24 14:10:25 [main] INFO  org.systems.businessLayer.implementation - OTP Field clear successfully!
2021-06-24 14:10:26 [main] INFO  org.systems.businessLayer.implementation - OTP value entered successfully!
2021-06-24 14:10:26 [main] INFO  org.systems.businessLayer.implementation - Button clicked successfully!
2021-06-29 12:31:55 [main] INFO  org.systems.businessLayer.implementation - Error when launching mobile driver The driver executable does not exist: D:\FrameworkDesign\FrameworkDesign\chromeDriver_Win32\chromedriver.exe
2021-06-29 12:33:44 [main] INFO  org.systems.businessLayer.implementation - Login Page Opens successfully!
2021-06-29 12:33:47 [main] INFO  org.systems.businessLayer.implementation - Enter Username in field
2021-06-29 12:33:47 [main] INFO  org.systems.businessLayer.implementation - Enter Password in field
2021-06-29 12:33:53 [main] INFO  org.systems.businessLayer.implementation - clicked on login button
2021-06-29 12:33:59 [main] INFO  org.systems.businessLayer.implementation - clicked on login button
2021-06-29 12:35:10 [main] INFO  org.systems.businessLayer.implementation - Method: login_App_FullAccess Full Access Login failed in implementation class An element could not be located on the page using the given search parameters.
For documentation on this error, please visit: https://www.seleniumhq.org/exceptions/no_such_element.html
Build info: version: '3.141.59', revision: 'e82be7d358', time: '2018-11-14T08:17:03'
System info: host: 'KHILT-7757', ip: '192.168.8.114', os.name: 'Windows 10', os.arch: 'amd64', os.version: '10.0', java.version: '1.8.0_291'
Driver info: io.appium.java_client.AppiumDriver
Capabilities {appActivity: sa.com.stc.MyBusiness.MainA..., appPackage: sa.com.stc.MyBusiness, automationName: UIAutomator2, databaseEnabled: false, desired: {appActivity: sa.com.stc.MyBusiness.MainA..., appPackage: sa.com.stc.MyBusiness, automationName: UIAutomator2, newCommandTimeout: 1000, noReset: false, platformName: android}, deviceApiLevel: 29, deviceManufacturer: samsung, deviceModel: SM-A125F, deviceName: R58NC2CR3JF, deviceScreenDensity: 300, deviceScreenSize: 720x1600, deviceUDID: R58NC2CR3JF, javascriptEnabled: true, locationContextEnabled: false, networkConnectionEnabled: true, newCommandTimeout: 1000, noReset: false, pixelRatio: 1.875, platform: LINUX, platformName: android, platformVersion: 10, statBarHeight: 45, takesScreenshot: true, viewportRect: {height: 1420, left: 0, top: 45, width: 720}, warnings: {}, webStorageEnabled: false}
Session ID: 07f313f3-59a8-4632-931c-7c6fc663d035
*** Element info: {Using=xpath, value=//*[@text='Enter OTP']//*[@class='android.widget.EditText']}
